
Terraform used the selected providers to generate the following execution
plan. Resource actions are indicated with the following symbols:
  + create

Terraform will perform the following actions:

  # module.TerraformTest.azurerm_resource_group.rg will be created
  + resource "azurerm_resource_group" "rg" {
      + id       = (known after apply)
      + location = "westus"
      + name     = "tuts-rg"
      + tags     = {
          + "foo" = "bar"
        }
    }

  # module.TerraformTest.azurerm_subnet.web will be created
  + resource "azurerm_subnet" "web" {
      + address_prefixes                               = [
          + "10.0.1.0/24",
        ]
      + enforce_private_link_endpoint_network_policies = false
      + enforce_private_link_service_network_policies  = false
      + id                                             = (known after apply)
      + name                                           = "tuts-subnet"
      + resource_group_name                            = "tuts-rg"
      + virtual_network_name                           = "bla/bla/bla/hasnc/jas"
    }

  # module.TerraformTest.azurerm_virtual_network.main will be created
  + resource "azurerm_virtual_network" "main" {
      + address_space       = [
          + "10.0.0.0/16",
        ]
      + dns_servers         = (known after apply)
      + guid                = (known after apply)
      + id                  = (known after apply)
      + location            = "westus"
      + name                = "bla/bla/bla/hasnc/jas"
      + resource_group_name = "tuts-rg"
      + subnet              = (known after apply)
    }

Plan: 3 to add, 0 to change, 0 to destroy.

─────────────────────────────────────────────────────────────────────────────

Note: You didn't use the -out option to save this plan, so Terraform can't
guarantee to take exactly these actions if you run "terraform apply" now.
